<?xml version="1.0" encoding="UTF-8"?>
<testsuite xmlns:xsi="http://www.w3.org/2001/XMLSchema-instance" xsi:noNamespaceSchemaLocation="https://maven.apache.org/surefire/maven-surefire-plugin/xsd/surefire-test-report.xsd" version="3.0.2" name="com.example.data.exposer.DataExposerApplicationTests" time="3.912" tests="1" errors="0" skipped="0" failures="0">
  <properties>
[...]
</properties>
  <testcase name="contextLoads" classname="com.example.data.exposer.DataExposerApplicationTests" time="0.652">
    <system-out><![CDATA[00:51:31.096 [main] INFO org.springframework.test.context.support.AnnotationConfigContextLoaderUtils -- Could not detect default configuration classes for test class [com.example.data.exposer.DataExposerApplicationTests]: DataExposerApplicationTests does not declare any static, non-private, non-final, nested classes annotated with @Configuration.
00:51:31.213 [main] INFO org.springframework.boot.test.context.SpringBootTestContextBootstrapper -- Found @SpringBootConfiguration com.example.data.exposer.DataExposerApplication for test class com.example.data.exposer.DataExposerApplicationTests
00:51:31.401 [main] INFO org.springframework.boot.devtools.restart.RestartApplicationListener -- Restart disabled due to context in which it is running

  .   ____          _            __ _ _
 /\\ / ___'_ __ _ _(_)_ __  __ _ \ \ \ \
( ( )\___ | '_ | '_| | '_ \/ _` | \ \ \ \
 \\/  ___)| |_)| | | | | || (_| |  ) ) ) )
  '  |____| .__|_| |_|_| |_\__, | / / / /
 =========|_|==============|___/=/_/_/_/

 :: Spring Boot ::                (v3.4.0)

2024-12-20T00:51:31.688+01:00  INFO 5376 --- [data-exposer] [           main] c.e.d.e.DataExposerApplicationTests      : Starting DataExposerApplicationTests using Java 17.0.10 with PID 5376 (started by bouss in C:\Users\bouss\Desktop\crypto\data-exposer-service)
2024-12-20T00:51:31.690+01:00  INFO 5376 --- [data-exposer] [           main] c.e.d.e.DataExposerApplicationTests      : No active profile set, falling back to 1 default profile: "default"
2024-12-20T00:51:32.381+01:00  INFO 5376 --- [data-exposer] [           main] .s.d.r.c.RepositoryConfigurationDelegate : Multiple Spring Data modules found, entering strict repository configuration mode
2024-12-20T00:51:32.385+01:00  INFO 5376 --- [data-exposer] [           main] .s.d.r.c.RepositoryConfigurationDelegate : Bootstrapping Spring Data Redis repositories in DEFAULT mode.
2024-12-20T00:51:32.424+01:00  INFO 5376 --- [data-exposer] [           main] .s.d.r.c.RepositoryConfigurationDelegate : Finished Spring Data repository scanning in 17 ms. Found 0 Redis repository interfaces.
2024-12-20T00:51:32.758+01:00  WARN 5376 --- [data-exposer] [           main] trationDelegate$BeanPostProcessorChecker : Bean 'org.springframework.ws.config.annotation.DelegatingWsConfiguration' of type [org.springframework.ws.config.annotation.DelegatingWsConfiguration$$SpringCGLIB$$0] is not eligible for getting processed by all BeanPostProcessors (for example: not eligible for auto-proxying). The currently created BeanPostProcessor [annotationActionEndpointMapping] is declared through a non-static factory method on that class; consider declaring it as static instead.
2024-12-20T00:51:32.814+01:00  INFO 5376 --- [data-exposer] [           main] .w.s.a.s.AnnotationActionEndpointMapping : Supporting [WS-Addressing August 2004, WS-Addressing 1.0]
2024-12-20T00:51:34.145+01:00  INFO 5376 --- [data-exposer] [           main] c.e.d.e.DataExposerApplicationTests      : Started DataExposerApplicationTests in 2.756 seconds (process running for 3.786)
]]></system-out>
  </testcase>
</testsuite>